# JRE version: OpenJDK Runtime Environment (8.0_202-b03) (build 1.8.0_202-release-1483-b03)
# Java VM: OpenJDK 64-Bit Server VM (25.202-b03 mixed mode windows-amd64 compressed oops)
Heap:
 PSYoungGen      total 220160K, used 52532K [0x00000000e0000000, 0x00000000f0a80000, 0x0000000100000000)
  eden space 189440K, 27% used [0x00000000e0000000,0x00000000e334d018,0x00000000eb900000)
  from space 30720K, 0% used [0x00000000eec80000,0x00000000eec80000,0x00000000f0a80000)
  to   space 24576K, 0% used [0x00000000eb900000,0x00000000eb900000,0x00000000ed100000)
 ParOldGen       total 153088K, used 133817K [0x00000000a0000000, 0x00000000a9580000, 0x00000000e0000000)
  object space 153088K, 87% used [0x00000000a0000000,0x00000000a82ae750,0x00000000a9580000)
 Metaspace       used 85437K, capacity 88710K, committed 89088K, reserved 1126400K
  class space    used 10979K, capacity 11689K, committed 11776K, reserved 1048576K
GC Heap History (10 events):
Event: 523.902 GC heap before
{Heap before GC invocations=22 (full 3):
 PSYoungGen      total 185856K, used 185817K [0x00000000e0000000, 0x00000000eec00000, 0x0000000100000000)
  eden space 168448K, 99% used [0x00000000e0000000,0x00000000ea47e460,0x00000000ea480000)
  from space 17408K, 99% used [0x00000000ebe00000,0x00000000ecef8190,0x00000000ecf00000)
  to   space 26112K, 0% used [0x00000000ea480000,0x00000000ea480000,0x00000000ebe00000)
 ParOldGen       total 153088K, used 66021K [0x00000000a0000000, 0x00000000a9580000, 0x00000000e0000000)
  object space 153088K, 43% used [0x00000000a0000000,0x00000000a4079650,0x00000000a9580000)
 Metaspace       used 69520K, capacity 71928K, committed 72192K, reserved 1112064K
  class space    used 9118K, capacity 9680K, committed 9728K, reserved 1048576K
Event: 523.973 GC heap after
Heap after GC invocations=22 (full 3):
 PSYoungGen      total 194560K, used 7983K [0x00000000e0000000, 0x00000000eef00000, 0x0000000100000000)
  eden space 168448K, 0% used [0x00000000e0000000,0x00000000e0000000,0x00000000ea480000)
  from space 26112K, 30% used [0x00000000ea480000,0x00000000eac4bf78,0x00000000ebe00000)
  to   space 25600K, 0% used [0x00000000ed600000,0x00000000ed600000,0x00000000eef00000)
 ParOldGen       total 153088K, used 67902K [0x00000000a0000000, 0x00000000a9580000, 0x00000000e0000000)
  object space 153088K, 44% used [0x00000000a0000000,0x00000000a424fa80,0x00000000a9580000)
 Metaspace       used 69520K, capacity 71928K, committed 72192K, reserved 1112064K
  class space    used 9118K, capacity 9680K, committed 9728K, reserved 1048576K
}
Event: 743.147 GC heap before
{Heap before GC invocations=23 (full 3):
 PSYoungGen      total 194560K, used 176431K [0x00000000e0000000, 0x00000000eef00000, 0x0000000100000000)
  eden space 168448K, 100% used [0x00000000e0000000,0x00000000ea480000,0x00000000ea480000)
  from space 26112K, 30% used [0x00000000ea480000,0x00000000eac4bf78,0x00000000ebe00000)
  to   space 25600K, 0% used [0x00000000ed600000,0x00000000ed600000,0x00000000eef00000)
 ParOldGen       total 153088K, used 67902K [0x00000000a0000000, 0x00000000a9580000, 0x00000000e0000000)
  object space 153088K, 44% used [0x00000000a0000000,0x00000000a424fa80,0x00000000a9580000)
 Metaspace       used 70528K, capacity 73212K, committed 73344K, reserved 1112064K
  class space    used 9180K, capacity 9784K, committed 9856K, reserved 1048576K
Event: 743.156 GC heap after
Heap after GC invocations=23 (full 3):
 PSYoungGen      total 208896K, used 8106K [0x00000000e0000000, 0x00000000ee900000, 0x0000000100000000)
  eden space 189440K, 0% used [0x00000000e0000000,0x00000000e0000000,0x00000000eb900000)
  from space 19456K, 41% used [0x00000000ed600000,0x00000000eddeaa00,0x00000000ee900000)
  to   space 24576K, 0% used [0x00000000eb900000,0x00000000eb900000,0x00000000ed100000)
 ParOldGen       total 153088K, used 67910K [0x00000000a0000000, 0x00000000a9580000, 0x00000000e0000000)
  object space 153088K, 44% used [0x00000000a0000000,0x00000000a4251a80,0x00000000a9580000)
 Metaspace       used 70528K, capacity 73212K, committed 73344K, reserved 1112064K
  class space    used 9180K, capacity 9784K, committed 9856K, reserved 1048576K
}
Event: 748.184 GC heap before
{Heap before GC invocations=24 (full 3):
 PSYoungGen      total 208896K, used 197546K [0x00000000e0000000, 0x00000000ee900000, 0x0000000100000000)
  eden space 189440K, 100% used [0x00000000e0000000,0x00000000eb900000,0x00000000eb900000)
  from space 19456K, 41% used [0x00000000ed600000,0x00000000eddeaa00,0x00000000ee900000)
  to   space 24576K, 0% used [0x00000000eb900000,0x00000000eb900000,0x00000000ed100000)
 ParOldGen       total 153088K, used 67910K [0x00000000a0000000, 0x00000000a9580000, 0x00000000e0000000)
  object space 153088K, 44% used [0x00000000a0000000,0x00000000a4251a80,0x00000000a9580000)
 Metaspace       used 76812K, capacity 79428K, committed 79616K, reserved 1118208K
  class space    used 9834K, capacity 10424K, committed 10496K, reserved 1048576K
Event: 748.226 GC heap after
Heap after GC invocations=24 (full 3):
 PSYoungGen      total 214016K, used 24552K [0x00000000e0000000, 0x00000000f0a80000, 0x0000000100000000)
  eden space 189440K, 0% used [0x00000000e0000000,0x00000000e0000000,0x00000000eb900000)
  from space 24576K, 99% used [0x00000000eb900000,0x00000000ed0fa0a0,0x00000000ed100000)
  to   space 30720K, 0% used [0x00000000eec80000,0x00000000eec80000,0x00000000f0a80000)
 ParOldGen       total 153088K, used 74463K [0x00000000a0000000, 0x00000000a9580000, 0x00000000e0000000)
  object space 153088K, 48% used [0x00000000a0000000,0x00000000a48b7e30,0x00000000a9580000)
 Metaspace       used 76812K, capacity 79428K, committed 79616K, reserved 1118208K
  class space    used 9834K, capacity 10424K, committed 10496K, reserved 1048576K
}
Event: 750.222 GC heap before
{Heap before GC invocations=25 (full 3):
 PSYoungGen      total 214016K, used 213992K [0x00000000e0000000, 0x00000000f0a80000, 0x0000000100000000)
  eden space 189440K, 100% used [0x00000000e0000000,0x00000000eb900000,0x00000000eb900000)
  from space 24576K, 99% used [0x00000000eb900000,0x00000000ed0fa0a0,0x00000000ed100000)
  to   space 30720K, 0% used [0x00000000eec80000,0x00000000eec80000,0x00000000f0a80000)
 ParOldGen       total 153088K, used 74463K [0x00000000a0000000, 0x00000000a9580000, 0x00000000e0000000)
  object space 153088K, 48% used [0x00000000a0000000,0x00000000a48b7e30,0x00000000a9580000)
 Metaspace       used 85493K, capacity 88918K, committed 89088K, reserved 1126400K
  class space    used 11015K, capacity 11753K, committed 11776K, reserved 1048576K
Event: 750.302 GC heap after
Heap after GC invocations=25 (full 3):
 PSYoungGen      total 220160K, used 30699K [0x00000000e0000000, 0x00000000f0a80000, 0x0000000100000000)
  eden space 189440K, 0% used [0x00000000e0000000,0x00000000e0000000,0x00000000eb900000)
  from space 30720K, 99% used [0x00000000eec80000,0x00000000f0a7af50,0x00000000f0a80000)
  to   space 24576K, 0% used [0x00000000eb900000,0x00000000eb900000,0x00000000ed100000)
 ParOldGen       total 153088K, used 135062K [0x00000000a0000000, 0x00000000a9580000, 0x00000000e0000000)
  object space 153088K, 88% used [0x00000000a0000000,0x00000000a83e5880,0x00000000a9580000)
 Metaspace       used 85493K, capacity 88918K, committed 89088K, reserved 1126400K
  class space    used 11015K, capacity 11753K, committed 11776K, reserved 1048576K
}
Event: 750.302 GC heap before
{Heap before GC invocations=26 (full 4):
 PSYoungGen      total 220160K, used 30699K [0x00000000e0000000, 0x00000000f0a80000, 0x0000000100000000)
  eden space 189440K, 0% used [0x00000000e0000000,0x00000000e0000000,0x00000000eb900000)
  from space 30720K, 99% used [0x00000000eec80000,0x00000000f0a7af50,0x00000000f0a80000)
  to   space 24576K, 0% used [0x00000000eb900000,0x00000000eb900000,0x00000000ed100000)
 ParOldGen       total 153088K, used 135062K [0x00000000a0000000, 0x00000000a9580000, 0x00000000e0000000)
  object space 153088K, 88% used [0x00000000a0000000,0x00000000a83e5880,0x00000000a9580000)
 Metaspace       used 85493K, capacity 88918K, committed 89088K, reserved 1126400K
  class space    used 11015K, capacity 11753K, committed 11776K, reserved 1048576K
Event: 750.993 GC heap after
Heap after GC invocations=26 (full 4):
 PSYoungGen      total 220160K, used 0K [0x00000000e0000000, 0x00000000f0a80000, 0x0000000100000000)
  eden space 189440K, 0% used [0x00000000e0000000,0x00000000e0000000,0x00000000eb900000)
  from space 30720K, 0% used [0x00000000eec80000,0x00000000eec80000,0x00000000f0a80000)
  to   space 24576K, 0% used [0x00000000eb900000,0x00000000eb900000,0x00000000ed100000)
 ParOldGen       total 153088K, used 133817K [0x00000000a0000000, 0x00000000a9580000, 0x00000000e0000000)
  object space 153088K, 87% used [0x00000000a0000000,0x00000000a82ae750,0x00000000a9580000)
 Metaspace       used 85389K, capacity 88634K, committed 89088K, reserved 1126400K
  class space    used 10979K, capacity 11689K, committed 11776K, reserved 1048576K
}

