# JRE version: OpenJDK Runtime Environment (8.0_202-b03) (build 1.8.0_202-release-1483-b03)
# Java VM: OpenJDK 64-Bit Server VM (25.202-b03 mixed mode windows-amd64 compressed oops)
Heap:
 PSYoungGen      total 134144K, used 78534K [0x00000000e0000000, 0x00000000ec980000, 0x0000000100000000)
  eden space 103936K, 75% used [0x00000000e0000000,0x00000000e4cb19f8,0x00000000e6580000)
  from space 30208K, 0% used [0x00000000e6580000,0x00000000e6580000,0x00000000e8300000)
  to   space 32256K, 0% used [0x00000000eaa00000,0x00000000eaa00000,0x00000000ec980000)
 ParOldGen       total 154624K, used 35563K [0x00000000a0000000, 0x00000000a9700000, 0x00000000e0000000)
  object space 154624K, 22% used [0x00000000a0000000,0x00000000a22bad10,0x00000000a9700000)
 Metaspace       used 61369K, capacity 63072K, committed 63320K, reserved 1103872K
  class space    used 8080K, capacity 8515K, committed 8576K, reserved 1048576K
GC Heap History (10 events):
Event: 12.601 GC heap before
{Heap before GC invocations=14 (full 2):
 PSYoungGen      total 88064K, used 88055K [0x00000000e0000000, 0x00000000e7700000, 0x0000000100000000)
  eden space 77312K, 100% used [0x00000000e0000000,0x00000000e4b80000,0x00000000e4b80000)
  from space 10752K, 99% used [0x00000000e4b80000,0x00000000e55fdf18,0x00000000e5600000)
  to   space 13312K, 0% used [0x00000000e6a00000,0x00000000e6a00000,0x00000000e7700000)
 ParOldGen       total 102400K, used 18678K [0x00000000a0000000, 0x00000000a6400000, 0x00000000e0000000)
  object space 102400K, 18% used [0x00000000a0000000,0x00000000a123d8f8,0x00000000a6400000)
 Metaspace       used 50220K, capacity 51396K, committed 51672K, reserved 1093632K
  class space    used 6754K, capacity 7079K, committed 7168K, reserved 1048576K
Event: 12.617 GC heap after
Heap after GC invocations=14 (full 2):
 PSYoungGen      total 105984K, used 13303K [0x00000000e0000000, 0x00000000e7d00000, 0x0000000100000000)
  eden space 92672K, 0% used [0x00000000e0000000,0x00000000e0000000,0x00000000e5a80000)
  from space 13312K, 99% used [0x00000000e6a00000,0x00000000e76fdfd0,0x00000000e7700000)
  to   space 15872K, 0% used [0x00000000e5a80000,0x00000000e5a80000,0x00000000e6a00000)
 ParOldGen       total 102400K, used 21331K [0x00000000a0000000, 0x00000000a6400000, 0x00000000e0000000)
  object space 102400K, 20% used [0x00000000a0000000,0x00000000a14d4f60,0x00000000a6400000)
 Metaspace       used 50220K, capacity 51396K, committed 51672K, reserved 1093632K
  class space    used 6754K, capacity 7079K, committed 7168K, reserved 1048576K
}
Event: 15.146 GC heap before
{Heap before GC invocations=15 (full 2):
 PSYoungGen      total 105984K, used 105975K [0x00000000e0000000, 0x00000000e7d00000, 0x0000000100000000)
  eden space 92672K, 100% used [0x00000000e0000000,0x00000000e5a80000,0x00000000e5a80000)
  from space 13312K, 99% used [0x00000000e6a00000,0x00000000e76fdfd0,0x00000000e7700000)
  to   space 15872K, 0% used [0x00000000e5a80000,0x00000000e5a80000,0x00000000e6a00000)
 ParOldGen       total 102400K, used 21331K [0x00000000a0000000, 0x00000000a6400000, 0x00000000e0000000)
  object space 102400K, 20% used [0x00000000a0000000,0x00000000a14d4f60,0x00000000a6400000)
 Metaspace       used 55148K, capacity 56670K, committed 56792K, reserved 1097728K
  class space    used 7509K, capacity 7902K, committed 7936K, reserved 1048576K
Event: 15.162 GC heap after
Heap after GC invocations=15 (full 2):
 PSYoungGen      total 108544K, used 15864K [0x00000000e0000000, 0x00000000e9700000, 0x0000000100000000)
  eden space 92672K, 0% used [0x00000000e0000000,0x00000000e0000000,0x00000000e5a80000)
  from space 15872K, 99% used [0x00000000e5a80000,0x00000000e69fe118,0x00000000e6a00000)
  to   space 20480K, 0% used [0x00000000e8300000,0x00000000e8300000,0x00000000e9700000)
 ParOldGen       total 102400K, used 27404K [0x00000000a0000000, 0x00000000a6400000, 0x00000000e0000000)
  object space 102400K, 26% used [0x00000000a0000000,0x00000000a1ac3298,0x00000000a6400000)
 Metaspace       used 55148K, capacity 56670K, committed 56792K, reserved 1097728K
  class space    used 7509K, capacity 7902K, committed 7936K, reserved 1048576K
}
Event: 16.246 GC heap before
{Heap before GC invocations=16 (full 2):
 PSYoungGen      total 108544K, used 108536K [0x00000000e0000000, 0x00000000e9700000, 0x0000000100000000)
  eden space 92672K, 100% used [0x00000000e0000000,0x00000000e5a80000,0x00000000e5a80000)
  from space 15872K, 99% used [0x00000000e5a80000,0x00000000e69fe118,0x00000000e6a00000)
  to   space 20480K, 0% used [0x00000000e8300000,0x00000000e8300000,0x00000000e9700000)
 ParOldGen       total 102400K, used 27404K [0x00000000a0000000, 0x00000000a6400000, 0x00000000e0000000)
  object space 102400K, 26% used [0x00000000a0000000,0x00000000a1ac3298,0x00000000a6400000)
 Metaspace       used 56547K, capacity 58028K, committed 58200K, reserved 1099776K
  class space    used 7666K, capacity 8043K, committed 8064K, reserved 1048576K
Event: 16.336 GC heap after
Heap after GC invocations=16 (full 2):
 PSYoungGen      total 124416K, used 20472K [0x00000000e0000000, 0x00000000eb780000, 0x0000000100000000)
  eden space 103936K, 0% used [0x00000000e0000000,0x00000000e0000000,0x00000000e6580000)
  from space 20480K, 99% used [0x00000000e8300000,0x00000000e96fe108,0x00000000e9700000)
  to   space 30208K, 0% used [0x00000000e6580000,0x00000000e6580000,0x00000000e8300000)
 ParOldGen       total 102400K, used 45669K [0x00000000a0000000, 0x00000000a6400000, 0x00000000e0000000)
  object space 102400K, 44% used [0x00000000a0000000,0x00000000a2c99508,0x00000000a6400000)
 Metaspace       used 56547K, capacity 58028K, committed 58200K, reserved 1099776K
  class space    used 7666K, capacity 8043K, committed 8064K, reserved 1048576K
}
Event: 17.303 GC heap before
{Heap before GC invocations=17 (full 2):
 PSYoungGen      total 124416K, used 75595K [0x00000000e0000000, 0x00000000eb780000, 0x0000000100000000)
  eden space 103936K, 53% used [0x00000000e0000000,0x00000000e35d4b68,0x00000000e6580000)
  from space 20480K, 99% used [0x00000000e8300000,0x00000000e96fe108,0x00000000e9700000)
  to   space 30208K, 0% used [0x00000000e6580000,0x00000000e6580000,0x00000000e8300000)
 ParOldGen       total 102400K, used 45669K [0x00000000a0000000, 0x00000000a6400000, 0x00000000e0000000)
  object space 102400K, 44% used [0x00000000a0000000,0x00000000a2c99508,0x00000000a6400000)
 Metaspace       used 57406K, capacity 58952K, committed 59028K, reserved 1099776K
  class space    used 7767K, capacity 8179K, committed 8192K, reserved 1048576K
Event: 17.323 GC heap after
Heap after GC invocations=17 (full 2):
 PSYoungGen      total 134144K, used 22970K [0x00000000e0000000, 0x00000000ec980000, 0x0000000100000000)
  eden space 103936K, 0% used [0x00000000e0000000,0x00000000e0000000,0x00000000e6580000)
  from space 30208K, 76% used [0x00000000e6580000,0x00000000e7bee810,0x00000000e8300000)
  to   space 32256K, 0% used [0x00000000eaa00000,0x00000000eaa00000,0x00000000ec980000)
 ParOldGen       total 102400K, used 45677K [0x00000000a0000000, 0x00000000a6400000, 0x00000000e0000000)
  object space 102400K, 44% used [0x00000000a0000000,0x00000000a2c9b508,0x00000000a6400000)
 Metaspace       used 57406K, capacity 58952K, committed 59028K, reserved 1099776K
  class space    used 7767K, capacity 8179K, committed 8192K, reserved 1048576K
}
Event: 17.323 GC heap before
{Heap before GC invocations=18 (full 3):
 PSYoungGen      total 134144K, used 22970K [0x00000000e0000000, 0x00000000ec980000, 0x0000000100000000)
  eden space 103936K, 0% used [0x00000000e0000000,0x00000000e0000000,0x00000000e6580000)
  from space 30208K, 76% used [0x00000000e6580000,0x00000000e7bee810,0x00000000e8300000)
  to   space 32256K, 0% used [0x00000000eaa00000,0x00000000eaa00000,0x00000000ec980000)
 ParOldGen       total 102400K, used 45677K [0x00000000a0000000, 0x00000000a6400000, 0x00000000e0000000)
  object space 102400K, 44% used [0x00000000a0000000,0x00000000a2c9b508,0x00000000a6400000)
 Metaspace       used 57406K, capacity 58952K, committed 59028K, reserved 1099776K
  class space    used 7767K, capacity 8179K, committed 8192K, reserved 1048576K
Event: 17.614 GC heap after
Heap after GC invocations=18 (full 3):
 PSYoungGen      total 134144K, used 0K [0x00000000e0000000, 0x00000000ec980000, 0x0000000100000000)
  eden space 103936K, 0% used [0x00000000e0000000,0x00000000e0000000,0x00000000e6580000)
  from space 30208K, 0% used [0x00000000e6580000,0x00000000e6580000,0x00000000e8300000)
  to   space 32256K, 0% used [0x00000000eaa00000,0x00000000eaa00000,0x00000000ec980000)
 ParOldGen       total 154624K, used 35563K [0x00000000a0000000, 0x00000000a9700000, 0x00000000e0000000)
  object space 154624K, 22% used [0x00000000a0000000,0x00000000a22bad10,0x00000000a9700000)
 Metaspace       used 57406K, capacity 58952K, committed 59028K, reserved 1099776K
  class space    used 7767K, capacity 8179K, committed 8192K, reserved 1048576K
}

