# JRE version: OpenJDK Runtime Environment (8.0_202-b03) (build 1.8.0_202-release-1483-b03)
# Java VM: OpenJDK 64-Bit Server VM (25.202-b03 mixed mode windows-amd64 compressed oops)
Heap:
 PSYoungGen      total 454656K, used 187459K [0x00000000e0000000, 0x0000000100000000, 0x0000000100000000)
  eden space 403456K, 33% used [0x00000000e0000000,0x00000000e854a208,0x00000000f8a00000)
  from space 51200K, 99% used [0x00000000f8a00000,0x00000000fbbc6a30,0x00000000fbc00000)
  to   space 68096K, 0% used [0x00000000fbd80000,0x00000000fbd80000,0x0000000100000000)
 ParOldGen       total 218112K, used 89217K [0x00000000a0000000, 0x00000000ad500000, 0x00000000e0000000)
  object space 218112K, 40% used [0x00000000a0000000,0x00000000a57207f8,0x00000000ad500000)
 Metaspace       used 100614K, capacity 105156K, committed 106712K, reserved 1142784K
  class space    used 12342K, capacity 13256K, committed 13568K, reserved 1048576K
GC Heap History (10 events):
Event: 1233.151 GC heap before
{Heap before GC invocations=36 (full 4):
 PSYoungGen      total 471552K, used 426419K [0x00000000e0000000, 0x0000000100000000, 0x0000000100000000)
  eden space 418816K, 100% used [0x00000000e0000000,0x00000000f9900000,0x00000000f9900000)
  from space 52736K, 14% used [0x00000000f9900000,0x00000000fa06ce00,0x00000000fcc80000)
  to   space 50688K, 0% used [0x00000000fce80000,0x00000000fce80000,0x0000000100000000)
 ParOldGen       total 203264K, used 150597K [0x00000000a0000000, 0x00000000ac680000, 0x00000000e0000000)
  object space 203264K, 74% used [0x00000000a0000000,0x00000000a9311418,0x00000000ac680000)
 Metaspace       used 100482K, capacity 105360K, committed 105688K, reserved 1140736K
  class space    used 12476K, capacity 13444K, committed 13568K, reserved 1048576K
Event: 1233.188 GC heap after
Heap after GC invocations=36 (full 4):
 PSYoungGen      total 464384K, used 17618K [0x00000000e0000000, 0x00000000ff900000, 0x0000000100000000)
  eden space 420864K, 0% used [0x00000000e0000000,0x00000000e0000000,0x00000000f9b00000)
  from space 43520K, 40% used [0x00000000fce80000,0x00000000fdfb4bf0,0x00000000ff900000)
  to   space 48128K, 0% used [0x00000000f9b00000,0x00000000f9b00000,0x00000000fca00000)
 ParOldGen       total 203264K, used 150797K [0x00000000a0000000, 0x00000000ac680000, 0x00000000e0000000)
  object space 203264K, 74% used [0x00000000a0000000,0x00000000a9343438,0x00000000ac680000)
 Metaspace       used 100482K, capacity 105360K, committed 105688K, reserved 1140736K
  class space    used 12476K, capacity 13444K, committed 13568K, reserved 1048576K
}
Event: 1236.813 GC heap before
{Heap before GC invocations=37 (full 4):
 PSYoungGen      total 464384K, used 438482K [0x00000000e0000000, 0x00000000ff900000, 0x0000000100000000)
  eden space 420864K, 100% used [0x00000000e0000000,0x00000000f9b00000,0x00000000f9b00000)
  from space 43520K, 40% used [0x00000000fce80000,0x00000000fdfb4bf0,0x00000000ff900000)
  to   space 48128K, 0% used [0x00000000f9b00000,0x00000000f9b00000,0x00000000fca00000)
 ParOldGen       total 203264K, used 150797K [0x00000000a0000000, 0x00000000ac680000, 0x00000000e0000000)
  object space 203264K, 74% used [0x00000000a0000000,0x00000000a9343438,0x00000000ac680000)
 Metaspace       used 101196K, capacity 106118K, committed 106200K, reserved 1142784K
  class space    used 12541K, capacity 13493K, committed 13568K, reserved 1048576K
Event: 1237.013 GC heap after
Heap after GC invocations=37 (full 4):
 PSYoungGen      total 468992K, used 48103K [0x00000000e0000000, 0x0000000100000000, 0x0000000100000000)
  eden space 420864K, 0% used [0x00000000e0000000,0x00000000e0000000,0x00000000f9b00000)
  from space 48128K, 99% used [0x00000000f9b00000,0x00000000fc9f9f00,0x00000000fca00000)
  to   space 55296K, 0% used [0x00000000fca00000,0x00000000fca00000,0x0000000100000000)
 ParOldGen       total 203264K, used 167381K [0x00000000a0000000, 0x00000000ac680000, 0x00000000e0000000)
  object space 203264K, 82% used [0x00000000a0000000,0x00000000aa375498,0x00000000ac680000)
 Metaspace       used 101196K, capacity 106118K, committed 106200K, reserved 1142784K
  class space    used 12541K, capacity 13493K, committed 13568K, reserved 1048576K
}
Event: 1238.354 GC heap before
{Heap before GC invocations=38 (full 4):
 PSYoungGen      total 468992K, used 468484K [0x00000000e0000000, 0x0000000100000000, 0x0000000100000000)
  eden space 420864K, 99% used [0x00000000e0000000,0x00000000f9a874b0,0x00000000f9b00000)
  from space 48128K, 99% used [0x00000000f9b00000,0x00000000fc9f9f00,0x00000000fca00000)
  to   space 55296K, 0% used [0x00000000fca00000,0x00000000fca00000,0x0000000100000000)
 ParOldGen       total 203264K, used 167381K [0x00000000a0000000, 0x00000000ac680000, 0x00000000e0000000)
  object space 203264K, 82% used [0x00000000a0000000,0x00000000aa375498,0x00000000ac680000)
 Metaspace       used 101618K, capacity 106490K, committed 106712K, reserved 1142784K
  class space    used 12581K, capacity 13531K, committed 13568K, reserved 1048576K
Event: 1238.415 GC heap after
Heap after GC invocations=38 (full 4):
 PSYoungGen      total 458752K, used 8999K [0x00000000e0000000, 0x0000000100000000, 0x0000000100000000)
  eden space 403456K, 0% used [0x00000000e0000000,0x00000000e0000000,0x00000000f8a00000)
  from space 55296K, 16% used [0x00000000fca00000,0x00000000fd2c9ea0,0x0000000100000000)
  to   space 60416K, 0% used [0x00000000f8a00000,0x00000000f8a00000,0x00000000fc500000)
 ParOldGen       total 203264K, used 202334K [0x00000000a0000000, 0x00000000ac680000, 0x00000000e0000000)
  object space 203264K, 99% used [0x00000000a0000000,0x00000000ac597ae8,0x00000000ac680000)
 Metaspace       used 101618K, capacity 106490K, committed 106712K, reserved 1142784K
  class space    used 12581K, capacity 13531K, committed 13568K, reserved 1048576K
}
Event: 1238.417 GC heap before
{Heap before GC invocations=39 (full 5):
 PSYoungGen      total 458752K, used 8999K [0x00000000e0000000, 0x0000000100000000, 0x0000000100000000)
  eden space 403456K, 0% used [0x00000000e0000000,0x00000000e0000000,0x00000000f8a00000)
  from space 55296K, 16% used [0x00000000fca00000,0x00000000fd2c9ea0,0x0000000100000000)
  to   space 60416K, 0% used [0x00000000f8a00000,0x00000000f8a00000,0x00000000fc500000)
 ParOldGen       total 203264K, used 202334K [0x00000000a0000000, 0x00000000ac680000, 0x00000000e0000000)
  object space 203264K, 99% used [0x00000000a0000000,0x00000000ac597ae8,0x00000000ac680000)
 Metaspace       used 101618K, capacity 106490K, committed 106712K, reserved 1142784K
  class space    used 12581K, capacity 13531K, committed 13568K, reserved 1048576K
Event: 1239.595 GC heap after
Heap after GC invocations=39 (full 5):
 PSYoungGen      total 458752K, used 0K [0x00000000e0000000, 0x0000000100000000, 0x0000000100000000)
  eden space 403456K, 0% used [0x00000000e0000000,0x00000000e0000000,0x00000000f8a00000)
  from space 55296K, 0% used [0x00000000fca00000,0x00000000fca00000,0x0000000100000000)
  to   space 60416K, 0% used [0x00000000f8a00000,0x00000000f8a00000,0x00000000fc500000)
 ParOldGen       total 218112K, used 89209K [0x00000000a0000000, 0x00000000ad500000, 0x00000000e0000000)
  object space 218112K, 40% used [0x00000000a0000000,0x00000000a571e7f8,0x00000000ad500000)
 Metaspace       used 99838K, capacity 103950K, committed 106712K, reserved 1142784K
  class space    used 12266K, capacity 13073K, committed 13568K, reserved 1048576K
}
Event: 1987.494 GC heap before
{Heap before GC invocations=40 (full 5):
 PSYoungGen      total 458752K, used 403456K [0x00000000e0000000, 0x0000000100000000, 0x0000000100000000)
  eden space 403456K, 100% used [0x00000000e0000000,0x00000000f8a00000,0x00000000f8a00000)
  from space 55296K, 0% used [0x00000000fca00000,0x00000000fca00000,0x0000000100000000)
  to   space 60416K, 0% used [0x00000000f8a00000,0x00000000f8a00000,0x00000000fc500000)
 ParOldGen       total 218112K, used 89209K [0x00000000a0000000, 0x00000000ad500000, 0x00000000e0000000)
  object space 218112K, 40% used [0x00000000a0000000,0x00000000a571e7f8,0x00000000ad500000)
 Metaspace       used 100478K, capacity 104942K, committed 106712K, reserved 1142784K
  class space    used 12332K, capacity 13215K, committed 13568K, reserved 1048576K
Event: 1987.847 GC heap after
Heap after GC invocations=40 (full 5):
 PSYoungGen      total 454656K, used 50970K [0x00000000e0000000, 0x0000000100000000, 0x0000000100000000)
  eden space 403456K, 0% used [0x00000000e0000000,0x00000000e0000000,0x00000000f8a00000)
  from space 51200K, 99% used [0x00000000f8a00000,0x00000000fbbc6a30,0x00000000fbc00000)
  to   space 68096K, 0% used [0x00000000fbd80000,0x00000000fbd80000,0x0000000100000000)
 ParOldGen       total 218112K, used 89217K [0x00000000a0000000, 0x00000000ad500000, 0x00000000e0000000)
  object space 218112K, 40% used [0x00000000a0000000,0x00000000a57207f8,0x00000000ad500000)
 Metaspace       used 100478K, capacity 104942K, committed 106712K, reserved 1142784K
  class space    used 12332K, capacity 13215K, committed 13568K, reserved 1048576K
}

