# JRE version: OpenJDK Runtime Environment (8.0_202-b03) (build 1.8.0_202-release-1483-b03)
# Java VM: OpenJDK 64-Bit Server VM (25.202-b03 mixed mode windows-amd64 compressed oops)
Heap:
 PSYoungGen      total 89600K, used 59207K [0x00000000e0000000, 0x00000000e7900000, 0x0000000100000000)
  eden space 79360K, 64% used [0x00000000e0000000,0x00000000e31e6168,0x00000000e4d80000)
  from space 10240K, 79% used [0x00000000e4d80000,0x00000000e556be38,0x00000000e5780000)
  to   space 10240K, 0% used [0x00000000e6f00000,0x00000000e6f00000,0x00000000e7900000)
 ParOldGen       total 91648K, used 16911K [0x00000000a0000000, 0x00000000a5980000, 0x00000000e0000000)
  object space 91648K, 18% used [0x00000000a0000000,0x00000000a1083d78,0x00000000a5980000)
 Metaspace       used 44191K, capacity 45212K, committed 45440K, reserved 1089536K
  class space    used 5953K, capacity 6261K, committed 6272K, reserved 1048576K
GC Heap History (10 events):
Event: 5.975 GC heap before
{Heap before GC invocations=9 (full 1):
 PSYoungGen      total 43008K, used 37645K [0x00000000e0000000, 0x00000000e4a00000, 0x0000000100000000)
  eden space 32768K, 100% used [0x00000000e0000000,0x00000000e2000000,0x00000000e2000000)
  from space 10240K, 47% used [0x00000000e2000000,0x00000000e24c36f8,0x00000000e2a00000)
  to   space 10240K, 0% used [0x00000000e4000000,0x00000000e4000000,0x00000000e4a00000)
 ParOldGen       total 57856K, used 8282K [0x00000000a0000000, 0x00000000a3880000, 0x00000000e0000000)
  object space 57856K, 14% used [0x00000000a0000000,0x00000000a0816ae8,0x00000000a3880000)
 Metaspace       used 28252K, capacity 28796K, committed 28928K, reserved 1075200K
  class space    used 3887K, capacity 4042K, committed 4096K, reserved 1048576K
Event: 5.980 GC heap after
Heap after GC invocations=9 (full 1):
 PSYoungGen      total 66048K, used 6103K [0x00000000e0000000, 0x00000000e4a00000, 0x0000000100000000)
  eden space 55808K, 0% used [0x00000000e0000000,0x00000000e0000000,0x00000000e3680000)
  from space 10240K, 59% used [0x00000000e4000000,0x00000000e45f5dd8,0x00000000e4a00000)
  to   space 9728K, 0% used [0x00000000e3680000,0x00000000e3680000,0x00000000e4000000)
 ParOldGen       total 57856K, used 8290K [0x00000000a0000000, 0x00000000a3880000, 0x00000000e0000000)
  object space 57856K, 14% used [0x00000000a0000000,0x00000000a0818ae8,0x00000000a3880000)
 Metaspace       used 28252K, capacity 28796K, committed 28928K, reserved 1075200K
  class space    used 3887K, capacity 4042K, committed 4096K, reserved 1048576K
}
Event: 7.084 GC heap before
{Heap before GC invocations=10 (full 1):
 PSYoungGen      total 66048K, used 61911K [0x00000000e0000000, 0x00000000e4a00000, 0x0000000100000000)
  eden space 55808K, 100% used [0x00000000e0000000,0x00000000e3680000,0x00000000e3680000)
  from space 10240K, 59% used [0x00000000e4000000,0x00000000e45f5dd8,0x00000000e4a00000)
  to   space 9728K, 0% used [0x00000000e3680000,0x00000000e3680000,0x00000000e4000000)
 ParOldGen       total 57856K, used 8290K [0x00000000a0000000, 0x00000000a3880000, 0x00000000e0000000)
  object space 57856K, 14% used [0x00000000a0000000,0x00000000a0818ae8,0x00000000a3880000)
 Metaspace       used 31280K, capacity 31844K, committed 32000K, reserved 1077248K
  class space    used 4389K, capacity 4588K, committed 4608K, reserved 1048576K
Event: 7.092 GC heap after
Heap after GC invocations=10 (full 1):
 PSYoungGen      total 65536K, used 8728K [0x00000000e0000000, 0x00000000e6180000, 0x0000000100000000)
  eden space 55808K, 0% used [0x00000000e0000000,0x00000000e0000000,0x00000000e3680000)
  from space 9728K, 89% used [0x00000000e3680000,0x00000000e3f061b0,0x00000000e4000000)
  to   space 10240K, 0% used [0x00000000e5780000,0x00000000e5780000,0x00000000e6180000)
 ParOldGen       total 57856K, used 9923K [0x00000000a0000000, 0x00000000a3880000, 0x00000000e0000000)
  object space 57856K, 17% used [0x00000000a0000000,0x00000000a09b0c98,0x00000000a3880000)
 Metaspace       used 31280K, capacity 31844K, committed 32000K, reserved 1077248K
  class space    used 4389K, capacity 4588K, committed 4608K, reserved 1048576K
}
Event: 7.721 GC heap before
{Heap before GC invocations=11 (full 1):
 PSYoungGen      total 65536K, used 29880K [0x00000000e0000000, 0x00000000e6180000, 0x0000000100000000)
  eden space 55808K, 37% used [0x00000000e0000000,0x00000000e14a8010,0x00000000e3680000)
  from space 9728K, 89% used [0x00000000e3680000,0x00000000e3f061b0,0x00000000e4000000)
  to   space 10240K, 0% used [0x00000000e5780000,0x00000000e5780000,0x00000000e6180000)
 ParOldGen       total 57856K, used 9923K [0x00000000a0000000, 0x00000000a3880000, 0x00000000e0000000)
  object space 57856K, 17% used [0x00000000a0000000,0x00000000a09b0c98,0x00000000a3880000)
 Metaspace       used 34669K, capacity 35308K, committed 35416K, reserved 1079296K
  class space    used 4853K, capacity 5086K, committed 5120K, reserved 1048576K
Event: 7.728 GC heap after
Heap after GC invocations=11 (full 1):
 PSYoungGen      total 89600K, used 5914K [0x00000000e0000000, 0x00000000e6180000, 0x0000000100000000)
  eden space 79360K, 0% used [0x00000000e0000000,0x00000000e0000000,0x00000000e4d80000)
  from space 10240K, 57% used [0x00000000e5780000,0x00000000e5d46af8,0x00000000e6180000)
  to   space 10240K, 0% used [0x00000000e4d80000,0x00000000e4d80000,0x00000000e5780000)
 ParOldGen       total 57856K, used 12860K [0x00000000a0000000, 0x00000000a3880000, 0x00000000e0000000)
  object space 57856K, 22% used [0x00000000a0000000,0x00000000a0c8f118,0x00000000a3880000)
 Metaspace       used 34669K, capacity 35308K, committed 35416K, reserved 1079296K
  class space    used 4853K, capacity 5086K, committed 5120K, reserved 1048576K
}
Event: 7.728 GC heap before
{Heap before GC invocations=12 (full 2):
 PSYoungGen      total 89600K, used 5914K [0x00000000e0000000, 0x00000000e6180000, 0x0000000100000000)
  eden space 79360K, 0% used [0x00000000e0000000,0x00000000e0000000,0x00000000e4d80000)
  from space 10240K, 57% used [0x00000000e5780000,0x00000000e5d46af8,0x00000000e6180000)
  to   space 10240K, 0% used [0x00000000e4d80000,0x00000000e4d80000,0x00000000e5780000)
 ParOldGen       total 57856K, used 12860K [0x00000000a0000000, 0x00000000a3880000, 0x00000000e0000000)
  object space 57856K, 22% used [0x00000000a0000000,0x00000000a0c8f118,0x00000000a3880000)
 Metaspace       used 34669K, capacity 35308K, committed 35416K, reserved 1079296K
  class space    used 4853K, capacity 5086K, committed 5120K, reserved 1048576K
Event: 7.785 GC heap after
Heap after GC invocations=12 (full 2):
 PSYoungGen      total 89600K, used 0K [0x00000000e0000000, 0x00000000e6180000, 0x0000000100000000)
  eden space 79360K, 0% used [0x00000000e0000000,0x00000000e0000000,0x00000000e4d80000)
  from space 10240K, 0% used [0x00000000e5780000,0x00000000e5780000,0x00000000e6180000)
  to   space 10240K, 0% used [0x00000000e4d80000,0x00000000e4d80000,0x00000000e5780000)
 ParOldGen       total 91648K, used 16903K [0x00000000a0000000, 0x00000000a5980000, 0x00000000e0000000)
  object space 91648K, 18% used [0x00000000a0000000,0x00000000a1081d78,0x00000000a5980000)
 Metaspace       used 34669K, capacity 35308K, committed 35416K, reserved 1079296K
  class space    used 4853K, capacity 5086K, committed 5120K, reserved 1048576K
}
Event: 8.372 GC heap before
{Heap before GC invocations=13 (full 2):
 PSYoungGen      total 89600K, used 79360K [0x00000000e0000000, 0x00000000e6180000, 0x0000000100000000)
  eden space 79360K, 100% used [0x00000000e0000000,0x00000000e4d80000,0x00000000e4d80000)
  from space 10240K, 0% used [0x00000000e5780000,0x00000000e5780000,0x00000000e6180000)
  to   space 10240K, 0% used [0x00000000e4d80000,0x00000000e4d80000,0x00000000e5780000)
 ParOldGen       total 91648K, used 16903K [0x00000000a0000000, 0x00000000a5980000, 0x00000000e0000000)
  object space 91648K, 18% used [0x00000000a0000000,0x00000000a1081d78,0x00000000a5980000)
 Metaspace       used 39690K, capacity 40424K, committed 40832K, reserved 1085440K
  class space    used 5425K, capacity 5658K, committed 5760K, reserved 1048576K
Event: 8.386 GC heap after
Heap after GC invocations=13 (full 2):
 PSYoungGen      total 89600K, used 8111K [0x00000000e0000000, 0x00000000e7900000, 0x0000000100000000)
  eden space 79360K, 0% used [0x00000000e0000000,0x00000000e0000000,0x00000000e4d80000)
  from space 10240K, 79% used [0x00000000e4d80000,0x00000000e556be38,0x00000000e5780000)
  to   space 10240K, 0% used [0x00000000e6f00000,0x00000000e6f00000,0x00000000e7900000)
 ParOldGen       total 91648K, used 16911K [0x00000000a0000000, 0x00000000a5980000, 0x00000000e0000000)
  object space 91648K, 18% used [0x00000000a0000000,0x00000000a1083d78,0x00000000a5980000)
 Metaspace       used 39690K, capacity 40424K, committed 40832K, reserved 1085440K
  class space    used 5425K, capacity 5658K, committed 5760K, reserved 1048576K
}

