# JRE version: OpenJDK Runtime Environment (8.0_202-b03) (build 1.8.0_202-release-1483-b03)
# Java VM: OpenJDK 64-Bit Server VM (25.202-b03 mixed mode windows-amd64 compressed oops)
Heap:
 PSYoungGen      total 112640K, used 49863K [0x00000000e0000000, 0x00000000e7c80000, 0x0000000100000000)
  eden space 100864K, 49% used [0x00000000e0000000,0x00000000e30b1dd0,0x00000000e6280000)
  from space 11776K, 0% used [0x00000000e6e80000,0x00000000e6e80000,0x00000000e7a00000)
  to   space 12288K, 0% used [0x00000000e6280000,0x00000000e6280000,0x00000000e6e80000)
 ParOldGen       total 101888K, used 45771K [0x00000000a0000000, 0x00000000a6380000, 0x00000000e0000000)
  object space 101888K, 44% used [0x00000000a0000000,0x00000000a2cb2c70,0x00000000a6380000)
 Metaspace       used 58493K, capacity 60354K, committed 60544K, reserved 1101824K
  class space    used 7990K, capacity 8481K, committed 8576K, reserved 1048576K
GC Heap History (10 events):
Event: 7.684 GC heap before
{Heap before GC invocations=15 (full 2):
 PSYoungGen      total 91648K, used 91644K [0x00000000e0000000, 0x00000000e6a80000, 0x0000000100000000)
  eden space 81920K, 100% used [0x00000000e0000000,0x00000000e5000000,0x00000000e5000000)
  from space 9728K, 99% used [0x00000000e5c00000,0x00000000e657f320,0x00000000e6580000)
  to   space 12288K, 0% used [0x00000000e5000000,0x00000000e5000000,0x00000000e5c00000)
 ParOldGen       total 101888K, used 20970K [0x00000000a0000000, 0x00000000a6380000, 0x00000000e0000000)
  object space 101888K, 20% used [0x00000000a0000000,0x00000000a147a9f8,0x00000000a6380000)
 Metaspace       used 50667K, capacity 51970K, committed 52096K, reserved 1093632K
  class space    used 6815K, capacity 7196K, committed 7296K, reserved 1048576K
Event: 7.694 GC heap after
Heap after GC invocations=15 (full 2):
 PSYoungGen      total 94208K, used 6374K [0x00000000e0000000, 0x00000000e7a00000, 0x0000000100000000)
  eden space 81920K, 0% used [0x00000000e0000000,0x00000000e0000000,0x00000000e5000000)
  from space 12288K, 51% used [0x00000000e5000000,0x00000000e5639950,0x00000000e5c00000)
  to   space 11776K, 0% used [0x00000000e6e80000,0x00000000e6e80000,0x00000000e7a00000)
 ParOldGen       total 101888K, used 30681K [0x00000000a0000000, 0x00000000a6380000, 0x00000000e0000000)
  object space 101888K, 30% used [0x00000000a0000000,0x00000000a1df6468,0x00000000a6380000)
 Metaspace       used 50667K, capacity 51970K, committed 52096K, reserved 1093632K
  class space    used 6815K, capacity 7196K, committed 7296K, reserved 1048576K
}
Event: 8.325 GC heap before
{Heap before GC invocations=16 (full 2):
 PSYoungGen      total 94208K, used 88294K [0x00000000e0000000, 0x00000000e7a00000, 0x0000000100000000)
  eden space 81920K, 100% used [0x00000000e0000000,0x00000000e5000000,0x00000000e5000000)
  from space 12288K, 51% used [0x00000000e5000000,0x00000000e5639950,0x00000000e5c00000)
  to   space 11776K, 0% used [0x00000000e6e80000,0x00000000e6e80000,0x00000000e7a00000)
 ParOldGen       total 101888K, used 30681K [0x00000000a0000000, 0x00000000a6380000, 0x00000000e0000000)
  object space 101888K, 30% used [0x00000000a0000000,0x00000000a1df6468,0x00000000a6380000)
 Metaspace       used 55573K, capacity 57300K, committed 57600K, reserved 1099776K
  class space    used 7637K, capacity 8075K, committed 8192K, reserved 1048576K
Event: 8.337 GC heap after
Heap after GC invocations=16 (full 2):
 PSYoungGen      total 112640K, used 9894K [0x00000000e0000000, 0x00000000e7c80000, 0x0000000100000000)
  eden space 100864K, 0% used [0x00000000e0000000,0x00000000e0000000,0x00000000e6280000)
  from space 11776K, 84% used [0x00000000e6e80000,0x00000000e78299c8,0x00000000e7a00000)
  to   space 12288K, 0% used [0x00000000e6280000,0x00000000e6280000,0x00000000e6e80000)
 ParOldGen       total 101888K, used 30689K [0x00000000a0000000, 0x00000000a6380000, 0x00000000e0000000)
  object space 101888K, 30% used [0x00000000a0000000,0x00000000a1df8468,0x00000000a6380000)
 Metaspace       used 55573K, capacity 57300K, committed 57600K, reserved 1099776K
  class space    used 7637K, capacity 8075K, committed 8192K, reserved 1048576K
}
Event: 8.880 GC heap before
{Heap before GC invocations=17 (full 2):
 PSYoungGen      total 112640K, used 110758K [0x00000000e0000000, 0x00000000e7c80000, 0x0000000100000000)
  eden space 100864K, 100% used [0x00000000e0000000,0x00000000e6280000,0x00000000e6280000)
  from space 11776K, 84% used [0x00000000e6e80000,0x00000000e78299c8,0x00000000e7a00000)
  to   space 12288K, 0% used [0x00000000e6280000,0x00000000e6280000,0x00000000e6e80000)
 ParOldGen       total 101888K, used 30689K [0x00000000a0000000, 0x00000000a6380000, 0x00000000e0000000)
  object space 101888K, 30% used [0x00000000a0000000,0x00000000a1df8468,0x00000000a6380000)
 Metaspace       used 56315K, capacity 58160K, committed 58496K, reserved 1099776K
  class space    used 7721K, capacity 8195K, committed 8320K, reserved 1048576K
Event: 8.893 GC heap after
Heap after GC invocations=17 (full 2):
 PSYoungGen      total 113152K, used 12259K [0x00000000e0000000, 0x00000000e7c80000, 0x0000000100000000)
  eden space 100864K, 0% used [0x00000000e0000000,0x00000000e0000000,0x00000000e6280000)
  from space 12288K, 99% used [0x00000000e6280000,0x00000000e6e78e18,0x00000000e6e80000)
  to   space 11776K, 0% used [0x00000000e6e80000,0x00000000e6e80000,0x00000000e7a00000)
 ParOldGen       total 101888K, used 37225K [0x00000000a0000000, 0x00000000a6380000, 0x00000000e0000000)
  object space 101888K, 36% used [0x00000000a0000000,0x00000000a245a630,0x00000000a6380000)
 Metaspace       used 56315K, capacity 58160K, committed 58496K, reserved 1099776K
  class space    used 7721K, capacity 8195K, committed 8320K, reserved 1048576K
}
Event: 9.144 GC heap before
{Heap before GC invocations=18 (full 2):
 PSYoungGen      total 113152K, used 40236K [0x00000000e0000000, 0x00000000e7c80000, 0x0000000100000000)
  eden space 100864K, 27% used [0x00000000e0000000,0x00000000e1b52468,0x00000000e6280000)
  from space 12288K, 99% used [0x00000000e6280000,0x00000000e6e78e18,0x00000000e6e80000)
  to   space 11776K, 0% used [0x00000000e6e80000,0x00000000e6e80000,0x00000000e7a00000)
 ParOldGen       total 101888K, used 37225K [0x00000000a0000000, 0x00000000a6380000, 0x00000000e0000000)
  object space 101888K, 36% used [0x00000000a0000000,0x00000000a245a630,0x00000000a6380000)
 Metaspace       used 57149K, capacity 58938K, committed 59008K, reserved 1099776K
  class space    used 7858K, capacity 8313K, committed 8320K, reserved 1048576K
Event: 9.156 GC heap after
Heap after GC invocations=18 (full 2):
 PSYoungGen      total 112640K, used 9834K [0x00000000e0000000, 0x00000000e7c80000, 0x0000000100000000)
  eden space 100864K, 0% used [0x00000000e0000000,0x00000000e0000000,0x00000000e6280000)
  from space 11776K, 83% used [0x00000000e6e80000,0x00000000e781ab88,0x00000000e7a00000)
  to   space 12288K, 0% used [0x00000000e6280000,0x00000000e6280000,0x00000000e6e80000)
 ParOldGen       total 101888K, used 42249K [0x00000000a0000000, 0x00000000a6380000, 0x00000000e0000000)
  object space 101888K, 41% used [0x00000000a0000000,0x00000000a2942468,0x00000000a6380000)
 Metaspace       used 57149K, capacity 58938K, committed 59008K, reserved 1099776K
  class space    used 7858K, capacity 8313K, committed 8320K, reserved 1048576K
}
Event: 9.156 GC heap before
{Heap before GC invocations=19 (full 3):
 PSYoungGen      total 112640K, used 9834K [0x00000000e0000000, 0x00000000e7c80000, 0x0000000100000000)
  eden space 100864K, 0% used [0x00000000e0000000,0x00000000e0000000,0x00000000e6280000)
  from space 11776K, 83% used [0x00000000e6e80000,0x00000000e781ab88,0x00000000e7a00000)
  to   space 12288K, 0% used [0x00000000e6280000,0x00000000e6280000,0x00000000e6e80000)
 ParOldGen       total 101888K, used 42249K [0x00000000a0000000, 0x00000000a6380000, 0x00000000e0000000)
  object space 101888K, 41% used [0x00000000a0000000,0x00000000a2942468,0x00000000a6380000)
 Metaspace       used 57149K, capacity 58938K, committed 59008K, reserved 1099776K
  class space    used 7858K, capacity 8313K, committed 8320K, reserved 1048576K
Event: 9.435 GC heap after
Heap after GC invocations=19 (full 3):
 PSYoungGen      total 112640K, used 0K [0x00000000e0000000, 0x00000000e7c80000, 0x0000000100000000)
  eden space 100864K, 0% used [0x00000000e0000000,0x00000000e0000000,0x00000000e6280000)
  from space 11776K, 0% used [0x00000000e6e80000,0x00000000e6e80000,0x00000000e7a00000)
  to   space 12288K, 0% used [0x00000000e6280000,0x00000000e6280000,0x00000000e6e80000)
 ParOldGen       total 101888K, used 45771K [0x00000000a0000000, 0x00000000a6380000, 0x00000000e0000000)
  object space 101888K, 44% used [0x00000000a0000000,0x00000000a2cb2c70,0x00000000a6380000)
 Metaspace       used 57149K, capacity 58938K, committed 59008K, reserved 1099776K
  class space    used 7858K, capacity 8313K, committed 8320K, reserved 1048576K
}

