# JRE version: OpenJDK Runtime Environment (8.0_202-b03) (build 1.8.0_202-release-1483-b03)
# Java VM: OpenJDK 64-Bit Server VM (25.202-b03 mixed mode windows-amd64 compressed oops)
Heap:
 PSYoungGen      total 140800K, used 127711K [0x00000000e0000000, 0x00000000eaa00000, 0x0000000100000000)
  eden space 131072K, 97% used [0x00000000e0000000,0x00000000e7cb7f18,0x00000000e8000000)
  from space 9728K, 0% used [0x00000000e8000000,0x00000000e8000000,0x00000000e8980000)
  to   space 12288K, 0% used [0x00000000e9e00000,0x00000000e9e00000,0x00000000eaa00000)
 ParOldGen       total 102912K, used 19247K [0x00000000a0000000, 0x00000000a6480000, 0x00000000e0000000)
  object space 102912K, 18% used [0x00000000a0000000,0x00000000a12cbd70,0x00000000a6480000)
 Metaspace       used 43437K, capacity 44216K, committed 44504K, reserved 1087488K
  class space    used 5821K, capacity 6073K, committed 6144K, reserved 1048576K
GC Heap History (10 events):
Event: 1.878 GC heap before
{Heap before GC invocations=5 (full 0):
 PSYoungGen      total 71680K, used 22273K [0x00000000e0000000, 0x00000000e4b00000, 0x0000000100000000)
  eden space 66560K, 25% used [0x00000000e0000000,0x00000000e10c32d0,0x00000000e4100000)
  from space 5120K, 99% used [0x00000000e4600000,0x00000000e4afd258,0x00000000e4b00000)
  to   space 5120K, 0% used [0x00000000e4100000,0x00000000e4100000,0x00000000e4600000)
 ParOldGen       total 87552K, used 5434K [0x00000000a0000000, 0x00000000a5580000, 0x00000000e0000000)
  object space 87552K, 6% used [0x00000000a0000000,0x00000000a054e928,0x00000000a5580000)
 Metaspace       used 20829K, capacity 21136K, committed 21248K, reserved 1067008K
  class space    used 2917K, capacity 3050K, committed 3072K, reserved 1048576K
Event: 1.885 GC heap after
Heap after GC invocations=5 (full 0):
 PSYoungGen      total 71680K, used 5104K [0x00000000e0000000, 0x00000000e9600000, 0x0000000100000000)
  eden space 66560K, 0% used [0x00000000e0000000,0x00000000e0000000,0x00000000e4100000)
  from space 5120K, 99% used [0x00000000e4100000,0x00000000e45fc060,0x00000000e4600000)
  to   space 10240K, 0% used [0x00000000e8c00000,0x00000000e8c00000,0x00000000e9600000)
 ParOldGen       total 87552K, used 8436K [0x00000000a0000000, 0x00000000a5580000, 0x00000000e0000000)
  object space 87552K, 9% used [0x00000000a0000000,0x00000000a083d340,0x00000000a5580000)
 Metaspace       used 20829K, capacity 21136K, committed 21248K, reserved 1067008K
  class space    used 2917K, capacity 3050K, committed 3072K, reserved 1048576K
}
Event: 1.885 GC heap before
{Heap before GC invocations=6 (full 1):
 PSYoungGen      total 71680K, used 5104K [0x00000000e0000000, 0x00000000e9600000, 0x0000000100000000)
  eden space 66560K, 0% used [0x00000000e0000000,0x00000000e0000000,0x00000000e4100000)
  from space 5120K, 99% used [0x00000000e4100000,0x00000000e45fc060,0x00000000e4600000)
  to   space 10240K, 0% used [0x00000000e8c00000,0x00000000e8c00000,0x00000000e9600000)
 ParOldGen       total 87552K, used 8436K [0x00000000a0000000, 0x00000000a5580000, 0x00000000e0000000)
  object space 87552K, 9% used [0x00000000a0000000,0x00000000a083d340,0x00000000a5580000)
 Metaspace       used 20829K, capacity 21136K, committed 21248K, reserved 1067008K
  class space    used 2917K, capacity 3050K, committed 3072K, reserved 1048576K
Event: 1.914 GC heap after
Heap after GC invocations=6 (full 1):
 PSYoungGen      total 71680K, used 0K [0x00000000e0000000, 0x00000000e9600000, 0x0000000100000000)
  eden space 66560K, 0% used [0x00000000e0000000,0x00000000e0000000,0x00000000e4100000)
  from space 5120K, 0% used [0x00000000e4100000,0x00000000e4100000,0x00000000e4600000)
  to   space 10240K, 0% used [0x00000000e8c00000,0x00000000e8c00000,0x00000000e9600000)
 ParOldGen       total 61440K, used 8354K [0x00000000a0000000, 0x00000000a3c00000, 0x00000000e0000000)
  object space 61440K, 13% used [0x00000000a0000000,0x00000000a0828ad8,0x00000000a3c00000)
 Metaspace       used 20829K, capacity 21136K, committed 21248K, reserved 1067008K
  class space    used 2917K, capacity 3050K, committed 3072K, reserved 1048576K
}
Event: 2.525 GC heap before
{Heap before GC invocations=7 (full 1):
 PSYoungGen      total 71680K, used 66560K [0x00000000e0000000, 0x00000000e9600000, 0x0000000100000000)
  eden space 66560K, 100% used [0x00000000e0000000,0x00000000e4100000,0x00000000e4100000)
  from space 5120K, 0% used [0x00000000e4100000,0x00000000e4100000,0x00000000e4600000)
  to   space 10240K, 0% used [0x00000000e8c00000,0x00000000e8c00000,0x00000000e9600000)
 ParOldGen       total 61440K, used 8354K [0x00000000a0000000, 0x00000000a3c00000, 0x00000000e0000000)
  object space 61440K, 13% used [0x00000000a0000000,0x00000000a0828ad8,0x00000000a3c00000)
 Metaspace       used 26401K, capacity 26698K, committed 26880K, reserved 1073152K
  class space    used 3627K, capacity 3743K, committed 3840K, reserved 1048576K
Event: 2.530 GC heap after
Heap after GC invocations=7 (full 1):
 PSYoungGen      total 107520K, used 6835K [0x00000000e0000000, 0x00000000e9300000, 0x0000000100000000)
  eden space 100352K, 0% used [0x00000000e0000000,0x00000000e0000000,0x00000000e6200000)
  from space 7168K, 95% used [0x00000000e8c00000,0x00000000e92accf0,0x00000000e9300000)
  to   space 9728K, 0% used [0x00000000e8000000,0x00000000e8000000,0x00000000e8980000)
 ParOldGen       total 61440K, used 8362K [0x00000000a0000000, 0x00000000a3c00000, 0x00000000e0000000)
  object space 61440K, 13% used [0x00000000a0000000,0x00000000a082aad8,0x00000000a3c00000)
 Metaspace       used 26401K, capacity 26698K, committed 26880K, reserved 1073152K
  class space    used 3627K, capacity 3743K, committed 3840K, reserved 1048576K
}
Event: 3.395 GC heap before
{Heap before GC invocations=8 (full 1):
 PSYoungGen      total 107520K, used 103013K [0x00000000e0000000, 0x00000000e9300000, 0x0000000100000000)
  eden space 100352K, 95% used [0x00000000e0000000,0x00000000e5decaa0,0x00000000e6200000)
  from space 7168K, 95% used [0x00000000e8c00000,0x00000000e92accf0,0x00000000e9300000)
  to   space 9728K, 0% used [0x00000000e8000000,0x00000000e8000000,0x00000000e8980000)
 ParOldGen       total 61440K, used 8362K [0x00000000a0000000, 0x00000000a3c00000, 0x00000000e0000000)
  object space 61440K, 13% used [0x00000000a0000000,0x00000000a082aad8,0x00000000a3c00000)
 Metaspace       used 34730K, capacity 35232K, committed 35416K, reserved 1079296K
  class space    used 4784K, capacity 4972K, committed 4992K, reserved 1048576K
Event: 3.405 GC heap after
Heap after GC invocations=8 (full 1):
 PSYoungGen      total 140800K, used 9712K [0x00000000e0000000, 0x00000000eaa00000, 0x0000000100000000)
  eden space 131072K, 0% used [0x00000000e0000000,0x00000000e0000000,0x00000000e8000000)
  from space 9728K, 99% used [0x00000000e8000000,0x00000000e897c238,0x00000000e8980000)
  to   space 12288K, 0% used [0x00000000e9e00000,0x00000000e9e00000,0x00000000eaa00000)
 ParOldGen       total 61440K, used 11406K [0x00000000a0000000, 0x00000000a3c00000, 0x00000000e0000000)
  object space 61440K, 18% used [0x00000000a0000000,0x00000000a0b23888,0x00000000a3c00000)
 Metaspace       used 34730K, capacity 35232K, committed 35416K, reserved 1079296K
  class space    used 4784K, capacity 4972K, committed 4992K, reserved 1048576K
}
Event: 3.405 GC heap before
{Heap before GC invocations=9 (full 2):
 PSYoungGen      total 140800K, used 9712K [0x00000000e0000000, 0x00000000eaa00000, 0x0000000100000000)
  eden space 131072K, 0% used [0x00000000e0000000,0x00000000e0000000,0x00000000e8000000)
  from space 9728K, 99% used [0x00000000e8000000,0x00000000e897c238,0x00000000e8980000)
  to   space 12288K, 0% used [0x00000000e9e00000,0x00000000e9e00000,0x00000000eaa00000)
 ParOldGen       total 61440K, used 11406K [0x00000000a0000000, 0x00000000a3c00000, 0x00000000e0000000)
  object space 61440K, 18% used [0x00000000a0000000,0x00000000a0b23888,0x00000000a3c00000)
 Metaspace       used 34730K, capacity 35232K, committed 35416K, reserved 1079296K
  class space    used 4784K, capacity 4972K, committed 4992K, reserved 1048576K
Event: 3.454 GC heap after
Heap after GC invocations=9 (full 2):
 PSYoungGen      total 140800K, used 0K [0x00000000e0000000, 0x00000000eaa00000, 0x0000000100000000)
  eden space 131072K, 0% used [0x00000000e0000000,0x00000000e0000000,0x00000000e8000000)
  from space 9728K, 0% used [0x00000000e8000000,0x00000000e8000000,0x00000000e8980000)
  to   space 12288K, 0% used [0x00000000e9e00000,0x00000000e9e00000,0x00000000eaa00000)
 ParOldGen       total 102912K, used 19247K [0x00000000a0000000, 0x00000000a6480000, 0x00000000e0000000)
  object space 102912K, 18% used [0x00000000a0000000,0x00000000a12cbd70,0x00000000a6480000)
 Metaspace       used 34730K, capacity 35232K, committed 35416K, reserved 1079296K
  class space    used 4784K, capacity 4972K, committed 4992K, reserved 1048576K
}

