# JRE version: OpenJDK Runtime Environment (8.0_202-b03) (build 1.8.0_202-release-1483-b03)
# Java VM: OpenJDK 64-Bit Server VM (25.202-b03 mixed mode windows-amd64 compressed oops)
Heap:
 PSYoungGen      total 254464K, used 61587K [0x00000000e0000000, 0x00000000f3e80000, 0x0000000100000000)
  eden space 201728K, 4% used [0x00000000e0000000,0x00000000e08a9650,0x00000000ec500000)
  from space 52736K, 99% used [0x00000000ec500000,0x00000000ef87b828,0x00000000ef880000)
  to   space 37888K, 0% used [0x00000000ef880000,0x00000000ef880000,0x00000000f1d80000)
 ParOldGen       total 258048K, used 105116K [0x00000000a0000000, 0x00000000afc00000, 0x00000000e0000000)
  object space 258048K, 40% used [0x00000000a0000000,0x00000000a66a72f8,0x00000000afc00000)
 Metaspace       used 74900K, capacity 77408K, committed 78976K, reserved 1118208K
  class space    used 9717K, capacity 10269K, committed 10624K, reserved 1048576K
GC Heap History (10 events):
Event: 40.970 GC heap before
{Heap before GC invocations=21 (full 3):
 PSYoungGen      total 176128K, used 176100K [0x00000000e0000000, 0x00000000ef300000, 0x0000000100000000)
  eden space 156672K, 100% used [0x00000000e0000000,0x00000000e9900000,0x00000000e9900000)
  from space 19456K, 99% used [0x00000000e9900000,0x00000000eabf9288,0x00000000eac00000)
  to   space 34816K, 0% used [0x00000000ed100000,0x00000000ed100000,0x00000000ef300000)
 ParOldGen       total 135680K, used 79968K [0x00000000a0000000, 0x00000000a8480000, 0x00000000e0000000)
  object space 135680K, 58% used [0x00000000a0000000,0x00000000a4e18388,0x00000000a8480000)
 Metaspace       used 73569K, capacity 75958K, committed 76288K, reserved 1116160K
  class space    used 9650K, capacity 10212K, committed 10240K, reserved 1048576K
Event: 41.124 GC heap after
Heap after GC invocations=21 (full 3):
 PSYoungGen      total 213504K, used 20421K [0x00000000e0000000, 0x00000000ef800000, 0x0000000100000000)
  eden space 178688K, 0% used [0x00000000e0000000,0x00000000e0000000,0x00000000eae80000)
  from space 34816K, 58% used [0x00000000ed100000,0x00000000ee4f17d0,0x00000000ef300000)
  to   space 35328K, 0% used [0x00000000eae80000,0x00000000eae80000,0x00000000ed100000)
 ParOldGen       total 135680K, used 98972K [0x00000000a0000000, 0x00000000a8480000, 0x00000000e0000000)
  object space 135680K, 72% used [0x00000000a0000000,0x00000000a60a70f0,0x00000000a8480000)
 Metaspace       used 73569K, capacity 75958K, committed 76288K, reserved 1116160K
  class space    used 9650K, capacity 10212K, committed 10240K, reserved 1048576K
}
Event: 44.477 GC heap before
{Heap before GC invocations=22 (full 3):
 PSYoungGen      total 213504K, used 199109K [0x00000000e0000000, 0x00000000ef800000, 0x0000000100000000)
  eden space 178688K, 100% used [0x00000000e0000000,0x00000000eae80000,0x00000000eae80000)
  from space 34816K, 58% used [0x00000000ed100000,0x00000000ee4f17d0,0x00000000ef300000)
  to   space 35328K, 0% used [0x00000000eae80000,0x00000000eae80000,0x00000000ed100000)
 ParOldGen       total 135680K, used 98972K [0x00000000a0000000, 0x00000000a8480000, 0x00000000e0000000)
  object space 135680K, 72% used [0x00000000a0000000,0x00000000a60a70f0,0x00000000a8480000)
 Metaspace       used 74976K, capacity 77864K, committed 78080K, reserved 1116160K
  class space    used 9800K, capacity 10425K, committed 10496K, reserved 1048576K
Event: 44.622 GC heap after
Heap after GC invocations=22 (full 3):
 PSYoungGen      total 214016K, used 25819K [0x00000000e0000000, 0x00000000f1d80000, 0x0000000100000000)
  eden space 178688K, 0% used [0x00000000e0000000,0x00000000e0000000,0x00000000eae80000)
  from space 35328K, 73% used [0x00000000eae80000,0x00000000ec7b6e10,0x00000000ed100000)
  to   space 37888K, 0% used [0x00000000ef880000,0x00000000ef880000,0x00000000f1d80000)
 ParOldGen       total 135680K, used 98980K [0x00000000a0000000, 0x00000000a8480000, 0x00000000e0000000)
  object space 135680K, 72% used [0x00000000a0000000,0x00000000a60a90f0,0x00000000a8480000)
 Metaspace       used 74976K, capacity 77864K, committed 78080K, reserved 1116160K
  class space    used 9800K, capacity 10425K, committed 10496K, reserved 1048576K
}
Event: 47.845 GC heap before
{Heap before GC invocations=23 (full 3):
 PSYoungGen      total 214016K, used 204507K [0x00000000e0000000, 0x00000000f1d80000, 0x0000000100000000)
  eden space 178688K, 100% used [0x00000000e0000000,0x00000000eae80000,0x00000000eae80000)
  from space 35328K, 73% used [0x00000000eae80000,0x00000000ec7b6e10,0x00000000ed100000)
  to   space 37888K, 0% used [0x00000000ef880000,0x00000000ef880000,0x00000000f1d80000)
 ParOldGen       total 135680K, used 98980K [0x00000000a0000000, 0x00000000a8480000, 0x00000000e0000000)
  object space 135680K, 72% used [0x00000000a0000000,0x00000000a60a90f0,0x00000000a8480000)
 Metaspace       used 75739K, capacity 78654K, committed 78976K, reserved 1118208K
  class space    used 9878K, capacity 10512K, committed 10624K, reserved 1048576K
Event: 47.985 GC heap after
Heap after GC invocations=23 (full 3):
 PSYoungGen      total 239616K, used 37872K [0x00000000e0000000, 0x00000000f3e80000, 0x0000000100000000)
  eden space 201728K, 0% used [0x00000000e0000000,0x00000000e0000000,0x00000000ec500000)
  from space 37888K, 99% used [0x00000000ef880000,0x00000000f1d7c148,0x00000000f1d80000)
  to   space 52736K, 0% used [0x00000000ec500000,0x00000000ec500000,0x00000000ef880000)
 ParOldGen       total 135680K, used 123014K [0x00000000a0000000, 0x00000000a8480000, 0x00000000e0000000)
  object space 135680K, 90% used [0x00000000a0000000,0x00000000a78219f0,0x00000000a8480000)
 Metaspace       used 75739K, capacity 78654K, committed 78976K, reserved 1118208K
  class space    used 9878K, capacity 10512K, committed 10624K, reserved 1048576K
}
Event: 47.986 GC heap before
{Heap before GC invocations=24 (full 4):
 PSYoungGen      total 239616K, used 37872K [0x00000000e0000000, 0x00000000f3e80000, 0x0000000100000000)
  eden space 201728K, 0% used [0x00000000e0000000,0x00000000e0000000,0x00000000ec500000)
  from space 37888K, 99% used [0x00000000ef880000,0x00000000f1d7c148,0x00000000f1d80000)
  to   space 52736K, 0% used [0x00000000ec500000,0x00000000ec500000,0x00000000ef880000)
 ParOldGen       total 135680K, used 123014K [0x00000000a0000000, 0x00000000a8480000, 0x00000000e0000000)
  object space 135680K, 90% used [0x00000000a0000000,0x00000000a78219f0,0x00000000a8480000)
 Metaspace       used 75739K, capacity 78654K, committed 78976K, reserved 1118208K
  class space    used 9878K, capacity 10512K, committed 10624K, reserved 1048576K
Event: 52.426 GC heap after
Heap after GC invocations=24 (full 4):
 PSYoungGen      total 239616K, used 0K [0x00000000e0000000, 0x00000000f3e80000, 0x0000000100000000)
  eden space 201728K, 0% used [0x00000000e0000000,0x00000000e0000000,0x00000000ec500000)
  from space 37888K, 0% used [0x00000000ef880000,0x00000000ef880000,0x00000000f1d80000)
  to   space 52736K, 0% used [0x00000000ec500000,0x00000000ec500000,0x00000000ef880000)
 ParOldGen       total 258048K, used 101112K [0x00000000a0000000, 0x00000000afc00000, 0x00000000e0000000)
  object space 258048K, 39% used [0x00000000a0000000,0x00000000a62be168,0x00000000afc00000)
 Metaspace       used 74801K, capacity 77226K, committed 78976K, reserved 1118208K
  class space    used 9706K, capacity 10258K, committed 10624K, reserved 1048576K
}
Event: 60.060 GC heap before
{Heap before GC invocations=25 (full 4):
 PSYoungGen      total 239616K, used 201728K [0x00000000e0000000, 0x00000000f3e80000, 0x0000000100000000)
  eden space 201728K, 100% used [0x00000000e0000000,0x00000000ec500000,0x00000000ec500000)
  from space 37888K, 0% used [0x00000000ef880000,0x00000000ef880000,0x00000000f1d80000)
  to   space 52736K, 0% used [0x00000000ec500000,0x00000000ec500000,0x00000000ef880000)
 ParOldGen       total 258048K, used 101112K [0x00000000a0000000, 0x00000000afc00000, 0x00000000e0000000)
  object space 258048K, 39% used [0x00000000a0000000,0x00000000a62be168,0x00000000afc00000)
 Metaspace       used 74894K, capacity 77408K, committed 78976K, reserved 1118208K
  class space    used 9717K, capacity 10269K, committed 10624K, reserved 1048576K
Event: 60.398 GC heap after
Heap after GC invocations=25 (full 4):
 PSYoungGen      total 254464K, used 52718K [0x00000000e0000000, 0x00000000f3e80000, 0x0000000100000000)
  eden space 201728K, 0% used [0x00000000e0000000,0x00000000e0000000,0x00000000ec500000)
  from space 52736K, 99% used [0x00000000ec500000,0x00000000ef87b828,0x00000000ef880000)
  to   space 37888K, 0% used [0x00000000ef880000,0x00000000ef880000,0x00000000f1d80000)
 ParOldGen       total 258048K, used 105116K [0x00000000a0000000, 0x00000000afc00000, 0x00000000e0000000)
  object space 258048K, 40% used [0x00000000a0000000,0x00000000a66a72f8,0x00000000afc00000)
 Metaspace       used 74894K, capacity 77408K, committed 78976K, reserved 1118208K
  class space    used 9717K, capacity 10269K, committed 10624K, reserved 1048576K
}

